<?xml version="1.0" encoding="UTF-8"?>
<testsuite name="com.ubs.opsit.print.StringOutputPrinterTest" tests="2" skipped="0" failures="0" errors="0" timestamp="2017-09-21T09:35:06" hostname="5CG43018CB" time="0.0">
  <properties/>
  <testcase name="shouldReturnBlankForNullValue" classname="com.ubs.opsit.print.StringOutputPrinterTest" time="0.0"/>
  <testcase name="verifyCorrectValueReturnedFromPrinter" classname="com.ubs.opsit.print.StringOutputPrinterTest" time="0.0"/>
  <system-out><![CDATA[]]></system-out>
  <system-err><![CDATA[]]></system-err>
</testsuite>
