<?xml version="1.0" encoding="UTF-8"?>
<testsuite name="com.ubs.opsit.evaluate.EvaluatorFactoryTest" tests="4" skipped="0" failures="0" errors="0" timestamp="2017-09-21T09:35:05" hostname="5CG43018CB" time="0.017">
  <properties/>
  <testcase name="VerifyMinutesEvaluatorInsanceIsReturn" classname="com.ubs.opsit.evaluate.EvaluatorFactoryTest" time="0.01"/>
  <testcase name="VerifyHoursEvaluatorInsanceIsReturn" classname="com.ubs.opsit.evaluate.EvaluatorFactoryTest" time="0.001"/>
  <testcase name="ShouldThrowExceptionWithInvalidIdentifier" classname="com.ubs.opsit.evaluate.EvaluatorFactoryTest" time="0.0"/>
  <testcase name="VerifySecondsEvaluatorInsanceIsReturn" classname="com.ubs.opsit.evaluate.EvaluatorFactoryTest" time="0.004"/>
  <system-out><![CDATA[]]></system-out>
  <system-err><![CDATA[]]></system-err>
</testsuite>
