<?xml version="1.0" encoding="UTF-8"?>
<testsuite name="com.ubs.opsit.interviews.TimeConverterTest" tests="3" skipped="0" failures="0" errors="0" timestamp="2017-09-21T09:35:06" hostname="5CG43018CB" time="0.161">
  <properties/>
  <testcase name="shouldThrowExceptionTimeValidationFails" classname="com.ubs.opsit.interviews.TimeConverterTest" time="0.151"/>
  <testcase name="verifyProcessorInvokedWithSuccessfulValidation" classname="com.ubs.opsit.interviews.TimeConverterTest" time="0.01"/>
  <testcase name="verifyPrinterInvokedWithSuccessfulValidation" classname="com.ubs.opsit.interviews.TimeConverterTest" time="0.0"/>
  <system-out><![CDATA[]]></system-out>
  <system-err><![CDATA[Invalid input time
]]></system-err>
</testsuite>
